call execute_attempt('alter table person alter column email type varchar(320)')
[2021-11-18 00:40:09] [01000] Attempt 1 of 50 to execute query failed due lock timeout 100ms, next replay after 1.00 second
[2021-11-18 00:40:10] [01000] Attempt 2 of 50 to execute query failed due lock timeout 100ms, next replay after 1.10 second
[2021-11-18 00:40:11] [01000] Attempt 3 of 50 to execute query failed due lock timeout 100ms, next replay after 1.55 second
[2021-11-18 00:40:13] [01000] Attempt 4 of 50 to execute query failed due lock timeout 100ms, next replay after 2.02 second
[2021-11-18 00:40:15] [01000] Attempt 5 of 50 to execute query failed due lock timeout 100ms, next replay after 2.49 second
[2021-11-18 00:40:18] [01000] Attempt 6 of 50 to execute query failed due lock timeout 100ms, next replay after 2.96 second
[2021-11-18 00:40:21] [01000] Attempt 7 of 50 to execute query failed due lock timeout 100ms, next replay after 3.44 second
[2021-11-18 00:40:24] [01000] Attempt 8 of 50 to execute query failed due lock timeout 100ms, next replay after 3.92 second
[2021-11-18 00:40:28] [01000] Attempt 9 of 50 to execute query failed due lock timeout 100ms, next replay after 4.41 second
[2021-11-18 00:40:33] [01000] Attempt 10 of 50 to execute query failed due lock timeout 100ms, next replay after 4.89 second
[2021-11-18 00:40:38] [01000] Attempt 11 of 50 to execute query failed due lock timeout 100ms, next replay after 5.38 second
[2021-11-18 00:40:43] [01000] Attempt 12 of 50 to execute query failed due lock timeout 100ms, next replay after 5.87 second
[2021-11-18 00:40:49] [01000] Attempt 13 of 50 to execute query failed due lock timeout 100ms, next replay after 6.36 second
[2021-11-18 00:40:56] [01000] Attempt 14 of 50 to execute query failed due lock timeout 100ms, next replay after 6.85 second
[2021-11-18 00:41:03] [01000] Attempt 15 of 50 to execute query failed due lock timeout 100ms, next replay after 7.34 second
[2021-11-18 00:41:10] [01000] Attempt 16 of 50 to execute query failed due lock timeout 100ms, next replay after 7.83 second
[2021-11-18 00:41:18] [01000] Attempt 17 of 50 to execute query failed due lock timeout 100ms, next replay after 8.32 second
[2021-11-18 00:41:26] [01000] Attempt 18 of 50 to execute query failed due lock timeout 100ms, next replay after 8.81 second
[2021-11-18 00:41:35] [01000] Attempt 19 of 50 to execute query failed due lock timeout 100ms, next replay after 9.30 second
[2021-11-18 00:41:45] [01000] Attempt 20 of 50 to execute query failed due lock timeout 100ms, next replay after 9.80 second
[2021-11-18 00:41:55] [01000] Attempt 21 of 50 to execute query failed due lock timeout 100ms, next replay after 10.29 second
[2021-11-18 00:42:05] [01000] Attempt 22 of 50 to execute query failed due lock timeout 100ms, next replay after 10.78 second
[2021-11-18 00:42:16] [01000] Attempt 23 of 50 to execute query failed due lock timeout 100ms, next replay after 11.28 second
[2021-11-18 00:42:27] [01000] Attempt 24 of 50 to execute query failed due lock timeout 100ms, next replay after 11.77 second
[2021-11-18 00:42:39] [01000] Attempt 25 of 50 to execute query failed due lock timeout 100ms, next replay after 12.27 second
[2021-11-18 00:42:52] [01000] Attempt 26 of 50 to execute query failed due lock timeout 100ms, next replay after 12.76 second
[2021-11-18 00:43:05] [01000] Attempt 27 of 50 to execute query failed due lock timeout 100ms, next replay after 13.26 second
[2021-11-18 00:43:18] [01000] Attempt 28 of 50 to execute query failed due lock timeout 100ms, next replay after 13.75 second
[2021-11-18 00:43:32] [01000] Attempt 29 of 50 to execute query failed due lock timeout 100ms, next replay after 14.25 second
[2021-11-18 00:43:46] [01000] Attempt 30 of 50 to execute query failed due lock timeout 100ms, next replay after 14.74 second
[2021-11-18 00:44:01] [01000] Attempt 31 of 50 to execute query failed due lock timeout 100ms, next replay after 15.24 second
[2021-11-18 00:44:16] [01000] Attempt 32 of 50 to execute query failed due lock timeout 100ms, next replay after 15.73 second
[2021-11-18 00:44:32] [01000] Attempt 33 of 50 to execute query failed due lock timeout 100ms, next replay after 16.23 second
[2021-11-18 00:44:48] [01000] Attempt 34 of 50 to execute query failed due lock timeout 100ms, next replay after 16.72 second
[2021-11-18 00:45:05] [01000] Attempt 35 of 50 to execute query failed due lock timeout 100ms, next replay after 17.22 second
[2021-11-18 00:45:23] [01000] Attempt 36 of 50 to execute query failed due lock timeout 100ms, next replay after 17.72 second
[2021-11-18 00:45:40] [01000] Attempt 37 of 50 to execute query failed due lock timeout 100ms, next replay after 18.21 second
[2021-11-18 00:45:59] [01000] Attempt 38 of 50 to execute query failed due lock timeout 100ms, next replay after 18.71 second
[2021-11-18 00:46:18] [01000] Attempt 39 of 50 to execute query failed due lock timeout 100ms, next replay after 19.21 second
[2021-11-18 00:46:37] [01000] Attempt 40 of 50 to execute query failed due lock timeout 100ms, next replay after 19.70 second
[2021-11-18 00:46:57] [01000] Attempt 41 of 50 to execute query failed due lock timeout 100ms, next replay after 20.20 second
[2021-11-18 00:47:17] [01000] Attempt 42 of 50 to execute query failed due lock timeout 100ms, next replay after 20.70 second
[2021-11-18 00:47:38] [01000] Attempt 43 of 50 to execute query failed due lock timeout 100ms, next replay after 21.19 second
[2021-11-18 00:47:59] [01000] Attempt 44 of 50 to execute query failed due lock timeout 100ms, next replay after 21.69 second
[2021-11-18 00:48:21] [01000] Attempt 45 of 50 to execute query failed due lock timeout 100ms, next replay after 22.19 second
[2021-11-18 00:48:43] [01000] Attempt 46 of 50 to execute query failed due lock timeout 100ms, next replay after 22.69 second
[2021-11-18 00:49:06] [01000] Attempt 47 of 50 to execute query failed due lock timeout 100ms, next replay after 23.18 second
[2021-11-18 00:49:30] [01000] Attempt 48 of 50 to execute query failed due lock timeout 100ms, next replay after 23.68 second
[2021-11-18 00:49:53] [01000] Attempt 49 of 50 to execute query failed due lock timeout 100ms, next replay after 24.18 second
[2021-11-18 00:50:18] [55P03] ERROR: canceling statement due to lock timeout
[2021-11-18 00:50:18] Where: SQL statement "alter table person alter column email type varchar(320)"
[2021-11-18 00:50:18] PL/pgSQL function execute_attempt(text,text,integer) line 12 at EXECUTE
