Calculate total rows
Query 1 processed 1 rows (id % 1 = (1 - 1) AND id BETWEEN 1 AND 1) for 0.09 sec
Total processed 1 of 745 rows (0.13 %)
Current date time: 2019-12-30 14:08:45, elapsed time: 00:00:00, estimated time: ?
 
Query 2 processed 2 rows (id % 1 = (1 - 1) AND id BETWEEN 3 AND 4) for 0.16 sec
Total processed 3 of 745 rows (0.40 %)
Current date time: 2019-12-30 14:08:46, elapsed time: 00:00:00, estimated time: ?
 
Query 3 processed 4 rows (id % 1 = (1 - 1) AND id BETWEEN 7 AND 24) for 0.31 sec
Total processed 7 of 745 rows (0.94 %)
Current date time: 2019-12-30 14:08:46, elapsed time: 00:00:01, estimated time: ?
 
Query 4 processed 8 rows (id % 1 = (1 - 1) AND id BETWEEN 27 AND 124) for 0.63 sec
Total processed 15 of 745 rows (2.01 %)
Current date time: 2019-12-30 14:08:47, elapsed time: 00:00:01, estimated time: ?
 
Query 5 processed 16 rows (id % 1 = (1 - 1) AND id BETWEEN 125 AND 144) for 1.26 sec
Total processed 31 of 745 rows (4.16 %)
Current date time: 2019-12-30 14:08:48, elapsed time: 00:00:02, estimated time: ?
 
Query 6 processed 8 rows (id % 1 = (1 - 1) AND id BETWEEN 146 AND 166) for 0.63 sec
Total processed 39 of 745 rows (5.23 %)
Current date time: 2019-12-30 14:08:48, elapsed time: 00:00:03, estimated time: ?
 
Query 7 processed 16 rows (id % 1 = (1 - 1) AND id BETWEEN 202 AND 234) for 1.25 sec
Total processed 55 of 745 rows (7.38 %)
Current date time: 2019-12-30 14:08:50, elapsed time: 00:00:04, estimated time: ?
 
Query 8 processed 8 rows (id % 1 = (1 - 1) AND id BETWEEN 236 AND 253) for 0.64 sec
Total processed 63 of 745 rows (8.46 %)
Current date time: 2019-12-30 14:08:50, elapsed time: 00:00:05, estimated time: ?
 
Query 9 processed 16 rows (id % 1 = (1 - 1) AND id BETWEEN 254 AND 302) for 1.25 sec
Total processed 79 of 745 rows (10.60 %)
Current date time: 2019-12-30 14:08:52, elapsed time: 00:00:06, estimated time: ?
 
Query 10 processed 8 rows (id % 1 = (1 - 1) AND id BETWEEN 305 AND 316) for 0.63 sec
Total processed 87 of 745 rows (11.68 %)
Current date time: 2019-12-30 14:08:52, elapsed time: 00:00:07, estimated time: ?
 
Query 11 processed 16 rows (id % 1 = (1 - 1) AND id BETWEEN 317 AND 340) for 1.24 sec
Total processed 103 of 745 rows (13.83 %)
Current date time: 2019-12-30 14:08:53, elapsed time: 00:00:08, estimated time: ?
 
Query 12 processed 8 rows (id % 1 = (1 - 1) AND id BETWEEN 349 AND 362) for 0.62 sec
Total processed 111 of 745 rows (14.90 %)
Current date time: 2019-12-30 14:08:54, elapsed time: 00:00:09, estimated time: ?
 
Query 13 processed 16 rows (id % 1 = (1 - 1) AND id BETWEEN 364 AND 390) for 1.24 sec
Total processed 127 of 745 rows (17.05 %)
Current date time: 2019-12-30 14:08:55, elapsed time: 00:00:10, estimated time: ?
 
Query 14 processed 8 rows (id % 1 = (1 - 1) AND id BETWEEN 391 AND 399) for 0.62 sec
Total processed 135 of 745 rows (18.12 %)
Current date time: 2019-12-30 14:08:56, elapsed time: 00:00:11, estimated time: ?
 
Query 15 processed 16 rows (id % 1 = (1 - 1) AND id BETWEEN 400 AND 435) for 1.24 sec
Total processed 151 of 745 rows (20.27 %)
Current date time: 2019-12-30 14:08:57, elapsed time: 00:00:12, estimated time: ?
 
Query 16 processed 8 rows (id % 1 = (1 - 1) AND id BETWEEN 439 AND 452) for 0.62 sec
Total processed 159 of 745 rows (21.34 %)
Current date time: 2019-12-30 14:08:58, elapsed time: 00:00:12, estimated time: ?
 
Query 17 processed 16 rows (id % 1 = (1 - 1) AND id BETWEEN 453 AND 470) for 1.24 sec
Total processed 175 of 745 rows (23.49 %)
Current date time: 2019-12-30 14:08:59, elapsed time: 00:00:14, estimated time: 00:00:45
 
Query 18 processed 8 rows (id % 1 = (1 - 1) AND id BETWEEN 471 AND 486) for 0.62 sec
Total processed 183 of 745 rows (24.56 %)
Current date time: 2019-12-30 14:09:00, elapsed time: 00:00:14, estimated time: 00:00:44
 
Query 19 processed 16 rows (id % 1 = (1 - 1) AND id BETWEEN 487 AND 507) for 1.24 sec
Total processed 199 of 745 rows (26.71 %)
Current date time: 2019-12-30 14:09:01, elapsed time: 00:00:16, estimated time: 00:00:43
 
Query 20 processed 8 rows (id % 1 = (1 - 1) AND id BETWEEN 509 AND 518) for 0.62 sec
Total processed 207 of 745 rows (27.79 %)
Current date time: 2019-12-30 14:09:02, elapsed time: 00:00:16, estimated time: 00:00:42
 
Query 21 processed 16 rows (id % 1 = (1 - 1) AND id BETWEEN 519 AND 537) for 1.24 sec
Total processed 223 of 745 rows (29.93 %)
Current date time: 2019-12-30 14:09:03, elapsed time: 00:00:17, estimated time: 00:00:41
 
Query 22 processed 8 rows (id % 1 = (1 - 1) AND id BETWEEN 538 AND 547) for 0.62 sec
Total processed 231 of 745 rows (31.01 %)
Current date time: 2019-12-30 14:09:03, elapsed time: 00:00:18, estimated time: 00:00:40
 
Query 23 processed 16 rows (id % 1 = (1 - 1) AND id BETWEEN 548 AND 572) for 1.24 sec
Total processed 247 of 745 rows (33.15 %)
Current date time: 2019-12-30 14:09:05, elapsed time: 00:00:19, estimated time: 00:00:39
 
Query 24 processed 8 rows (id % 1 = (1 - 1) AND id BETWEEN 573 AND 580) for 0.62 sec
Total processed 255 of 745 rows (34.23 %)
Current date time: 2019-12-30 14:09:05, elapsed time: 00:00:20, estimated time: 00:00:38
 
Query 25 processed 16 rows (id % 1 = (1 - 1) AND id BETWEEN 581 AND 604) for 1.24 sec
Total processed 271 of 745 rows (36.38 %)
Current date time: 2019-12-30 14:09:07, elapsed time: 00:00:21, estimated time: 00:00:37
 
Query 26 processed 8 rows (id % 1 = (1 - 1) AND id BETWEEN 605 AND 613) for 0.62 sec
Total processed 279 of 745 rows (37.45 %)
Current date time: 2019-12-30 14:09:07, elapsed time: 00:00:22, estimated time: 00:00:36
 
Query 27 processed 16 rows (id % 1 = (1 - 1) AND id BETWEEN 614 AND 637) for 1.24 sec
Total processed 295 of 745 rows (39.60 %)
Current date time: 2019-12-30 14:09:08, elapsed time: 00:00:23, estimated time: 00:00:35
 
Query 28 processed 8 rows (id % 1 = (1 - 1) AND id BETWEEN 638 AND 646) for 0.62 sec
Total processed 303 of 745 rows (40.67 %)
Current date time: 2019-12-30 14:09:09, elapsed time: 00:00:24, estimated time: 00:00:34
 
Query 29 processed 16 rows (id % 1 = (1 - 1) AND id BETWEEN 647 AND 665) for 1.24 sec
Total processed 319 of 745 rows (42.82 %)
Current date time: 2019-12-30 14:09:10, elapsed time: 00:00:25, estimated time: 00:00:33
 
Query 30 processed 8 rows (id % 1 = (1 - 1) AND id BETWEEN 666 AND 673) for 0.62 sec
Total processed 327 of 745 rows (43.89 %)
Current date time: 2019-12-30 14:09:11, elapsed time: 00:00:26, estimated time: 00:00:33
 
Query 31 processed 16 rows (id % 1 = (1 - 1) AND id BETWEEN 674 AND 704) for 1.24 sec
Total processed 343 of 745 rows (46.04 %)
Current date time: 2019-12-30 14:09:12, elapsed time: 00:00:27, estimated time: 00:00:31
 
Query 32 processed 8 rows (id % 1 = (1 - 1) AND id BETWEEN 706 AND 715) for 0.62 sec
Total processed 351 of 745 rows (47.11 %)
Current date time: 2019-12-30 14:09:13, elapsed time: 00:00:27, estimated time: 00:00:31
 
Query 33 processed 16 rows (id % 1 = (1 - 1) AND id BETWEEN 716 AND 746) for 1.24 sec
Total processed 367 of 745 rows (49.26 %)
Current date time: 2019-12-30 14:09:14, elapsed time: 00:00:29, estimated time: 00:00:29
 
Query 34 processed 8 rows (id % 1 = (1 - 1) AND id BETWEEN 747 AND 764) for 0.62 sec
Total processed 375 of 745 rows (50.34 %)
Current date time: 2019-12-30 14:09:15, elapsed time: 00:00:29, estimated time: 00:00:29
 
Query 35 processed 16 rows (id % 1 = (1 - 1) AND id BETWEEN 768 AND 784) for 1.24 sec
Total processed 391 of 745 rows (52.48 %)
Current date time: 2019-12-30 14:09:16, elapsed time: 00:00:30, estimated time: 00:00:28
 
Query 36 processed 8 rows (id % 1 = (1 - 1) AND id BETWEEN 785 AND 792) for 0.62 sec
Total processed 399 of 745 rows (53.56 %)
Current date time: 2019-12-30 14:09:16, elapsed time: 00:00:31, estimated time: 00:00:27
 
Query 37 processed 16 rows (id % 1 = (1 - 1) AND id BETWEEN 793 AND 821) for 1.24 sec
Total processed 415 of 745 rows (55.70 %)
Current date time: 2019-12-30 14:09:18, elapsed time: 00:00:32, estimated time: 00:00:26
 
Query 38 processed 8 rows (id % 1 = (1 - 1) AND id BETWEEN 823 AND 833) for 0.62 sec
Total processed 423 of 745 rows (56.78 %)
Current date time: 2019-12-30 14:09:18, elapsed time: 00:00:33, estimated time: 00:00:25
 
Query 39 processed 16 rows (id % 1 = (1 - 1) AND id BETWEEN 836 AND 868) for 1.24 sec
Total processed 439 of 745 rows (58.93 %)
Current date time: 2019-12-30 14:09:20, elapsed time: 00:00:34, estimated time: 00:00:24
 
Query 40 processed 8 rows (id % 1 = (1 - 1) AND id BETWEEN 869 AND 879) for 0.62 sec
Total processed 447 of 745 rows (60.00 %)
Current date time: 2019-12-30 14:09:20, elapsed time: 00:00:35, estimated time: 00:00:23
 
Query 41 processed 16 rows (id % 1 = (1 - 1) AND id BETWEEN 880 AND 903) for 1.24 sec
Total processed 463 of 745 rows (62.15 %)
Current date time: 2019-12-30 14:09:21, elapsed time: 00:00:36, estimated time: 00:00:22
 
Query 42 processed 8 rows (id % 1 = (1 - 1) AND id BETWEEN 907 AND 914) for 0.62 sec
Total processed 471 of 745 rows (63.22 %)
Current date time: 2019-12-30 14:09:22, elapsed time: 00:00:37, estimated time: 00:00:21
 
Query 43 processed 16 rows (id % 1 = (1 - 1) AND id BETWEEN 915 AND 930) for 1.24 sec
Total processed 487 of 745 rows (65.37 %)
Current date time: 2019-12-30 14:09:23, elapsed time: 00:00:38, estimated time: 00:00:20
 
Query 44 processed 8 rows (id % 1 = (1 - 1) AND id BETWEEN 931 AND 942) for 0.62 sec
Total processed 495 of 745 rows (66.44 %)
Current date time: 2019-12-30 14:09:24, elapsed time: 00:00:39, estimated time: 00:00:19
 
Query 45 processed 16 rows (id % 1 = (1 - 1) AND id BETWEEN 943 AND 962) for 1.24 sec
Total processed 511 of 745 rows (68.59 %)
Current date time: 2019-12-30 14:09:25, elapsed time: 00:00:40, estimated time: 00:00:18
 
Query 46 processed 8 rows (id % 1 = (1 - 1) AND id BETWEEN 963 AND 975) for 0.62 sec
Total processed 519 of 745 rows (69.66 %)
Current date time: 2019-12-30 14:09:26, elapsed time: 00:00:40, estimated time: 00:00:18
 
Query 47 processed 16 rows (id % 1 = (1 - 1) AND id BETWEEN 976 AND 994) for 1.24 sec
Total processed 535 of 745 rows (71.81 %)
Current date time: 2019-12-30 14:09:27, elapsed time: 00:00:42, estimated time: 00:00:16
 
Query 48 processed 8 rows (id % 1 = (1 - 1) AND id BETWEEN 996 AND 1007) for 0.62 sec
Total processed 543 of 745 rows (72.89 %)
Current date time: 2019-12-30 14:09:28, elapsed time: 00:00:42, estimated time: 00:00:16
 
Query 49 processed 16 rows (id % 1 = (1 - 1) AND id BETWEEN 1008 AND 1029) for 1.24 sec
Total processed 559 of 745 rows (75.03 %)
Current date time: 2019-12-30 14:09:29, elapsed time: 00:00:44, estimated time: 00:00:14
 
Query 50 processed 8 rows (id % 1 = (1 - 1) AND id BETWEEN 1030 AND 1037) for 0.63 sec
Total processed 567 of 745 rows (76.11 %)
Current date time: 2019-12-30 14:09:29, elapsed time: 00:00:44, estimated time: 00:00:14
 
Query 51 processed 16 rows (id % 1 = (1 - 1) AND id BETWEEN 1038 AND 1101) for 1.26 sec
Total processed 583 of 745 rows (78.26 %)
Current date time: 2019-12-30 14:09:31, elapsed time: 00:00:45, estimated time: 00:00:13
 
Query 52 processed 8 rows (id % 1 = (1 - 1) AND id BETWEEN 1107 AND 1118) for 0.62 sec
Total processed 591 of 745 rows (79.33 %)
Current date time: 2019-12-30 14:09:31, elapsed time: 00:00:46, estimated time: 00:00:12
 
Query 53 processed 16 rows (id % 1 = (1 - 1) AND id BETWEEN 1119 AND 1176) for 1.24 sec
Total processed 607 of 745 rows (81.48 %)
Current date time: 2019-12-30 14:09:33, elapsed time: 00:00:47, estimated time: 00:00:11
 
Query 54 processed 8 rows (id % 1 = (1 - 1) AND id BETWEEN 1177 AND 1194) for 0.62 sec
Total processed 615 of 745 rows (82.55 %)
Current date time: 2019-12-30 14:09:33, elapsed time: 00:00:48, estimated time: 00:00:10
 
Query 55 processed 16 rows (id % 1 = (1 - 1) AND id BETWEEN 1195 AND 1210) for 1.24 sec
Total processed 631 of 745 rows (84.70 %)
Current date time: 2019-12-30 14:09:34, elapsed time: 00:00:49, estimated time: 00:00:09
 
Query 56 processed 8 rows (id % 1 = (1 - 1) AND id BETWEEN 1211 AND 1218) for 0.62 sec
Total processed 639 of 745 rows (85.77 %)
Current date time: 2019-12-30 14:09:35, elapsed time: 00:00:50, estimated time: 00:00:08
 
Query 57 processed 16 rows (id % 1 = (1 - 1) AND id BETWEEN 1219 AND 1246) for 1.24 sec
Total processed 655 of 745 rows (87.92 %)
Current date time: 2019-12-30 14:09:36, elapsed time: 00:00:51, estimated time: 00:00:07
 
Query 58 processed 8 rows (id % 1 = (1 - 1) AND id BETWEEN 1252 AND 1264) for 0.62 sec
Total processed 663 of 745 rows (88.99 %)
Current date time: 2019-12-30 14:09:37, elapsed time: 00:00:52, estimated time: 00:00:06
 
Query 59 processed 16 rows (id % 1 = (1 - 1) AND id BETWEEN 1265 AND 1295) for 1.24 sec
Total processed 679 of 745 rows (91.14 %)
Current date time: 2019-12-30 14:09:38, elapsed time: 00:00:53, estimated time: 00:00:05
 
Query 60 processed 8 rows (id % 1 = (1 - 1) AND id BETWEEN 1296 AND 1303) for 0.62 sec
Total processed 687 of 745 rows (92.21 %)
Current date time: 2019-12-30 14:09:39, elapsed time: 00:00:53, estimated time: 00:00:05
 
Query 61 processed 16 rows (id % 1 = (1 - 1) AND id BETWEEN 1304 AND 1323) for 1.24 sec
Total processed 703 of 745 rows (94.36 %)
Current date time: 2019-12-30 14:09:40, elapsed time: 00:00:55, estimated time: 00:00:03
 
Query 62 processed 8 rows (id % 1 = (1 - 1) AND id BETWEEN 1324 AND 1334) for 0.62 sec
Total processed 711 of 745 rows (95.44 %)
Current date time: 2019-12-30 14:09:41, elapsed time: 00:00:55, estimated time: 00:00:03
 
Query 63 processed 16 rows (id % 1 = (1 - 1) AND id BETWEEN 1335 AND 1388) for 1.24 sec
Total processed 727 of 745 rows (97.58 %)
Current date time: 2019-12-30 14:09:42, elapsed time: 00:00:57, estimated time: 00:00:01
 
Query 64 processed 8 rows (id % 1 = (1 - 1) AND id BETWEEN 1389 AND 1399) for 0.62 sec
Total processed 735 of 745 rows (98.66 %)
Current date time: 2019-12-30 14:09:43, elapsed time: 00:00:57, estimated time: 00:00:01
 
Query 65 processed 10 rows (id % 1 = (1 - 1) AND id BETWEEN 1400 AND 1671) for 0.78 sec
Total processed 745 of 745 rows (100.00 %)
Current date time: 2019-12-30 14:09:43, elapsed time: 00:00:58, estimated time: 00:00:00
 
Done. 13 rows per second, 1.12 queries per second
